<?xml version="1.0" encoding="UTF-8"?>
<testng-results skipped="0" failed="0" total="1" passed="1">
  <reporter-output>
  </reporter-output>
  <suite name="ExecuteAutomation" duration-ms="604" started-at="2019-03-09T10:22:50Z" finished-at="2019-03-09T10:22:51Z">
    <groups>
      <group name="cucumber">
        <method signature="AbstractTestNGCucumberTests.feature(cucumber.api.testng.CucumberFeatureWrapper)[pri:0, instance:runner.Runner@3159c4b8]" name="feature" class="cucumber.api.testng.AbstractTestNGCucumberTests"/>
      </group> <!-- cucumber -->
    </groups>
    <test name="Window" duration-ms="604" started-at="2019-03-09T10:22:50Z" finished-at="2019-03-09T10:22:51Z">
      <class name="runner.Runner">
        <test-method status="PASS" signature="setUpClass()[pri:0, instance:runner.Runner@3159c4b8]" test-instance-name="" name="setUpClass" is-config="true" duration-ms="340" started-at="2019-03-09T17:22:50Z" finished-at="2019-03-09T17:22:50Z">
          <reporter-output>
          </reporter-output>
        </test-method> <!-- setUpClass -->
        <test-method name="feature" test-instance-name="" signature="feature(cucumber.api.testng.CucumberFeatureWrapper)[pri:0, instance:runner.Runner@3159c4b8]" status="PASS" duration-ms="145" finished-at="2019-03-09T17:22:50Z" started-at="2019-03-09T17:22:50Z" data-provider="features" description="Runs Cucumber Feature">
          <params>
            <param index="0">
              <value>
                <![CDATA[hieutran]]>
              </value>
            </param>
          </params>
          <reporter-output>
          </reporter-output>
        </test-method> <!-- feature -->
        <test-method status="PASS" signature="tearDownClass()[pri:0, instance:runner.Runner@3159c4b8]" test-instance-name="" name="tearDownClass" is-config="true" duration-ms="22" started-at="2019-03-09T17:22:50Z" finished-at="2019-03-09T17:22:51Z">
          <reporter-output>
          </reporter-output>
        </test-method> <!-- tearDownClass -->
      </class> <!-- runner.Runner -->
    </test> <!-- Window -->
  </suite> <!-- ExecuteAutomation -->
</testng-results>
