<?xml version="1.0" encoding="UTF-8"?>
<testng-results skipped="0" failed="0" ignored="0" total="10" passed="10">
  <reporter-output>
  </reporter-output>
  <suite name="Default suite" duration-ms="5087" started-at="2020-06-06T16:37:49 ICT" finished-at="2020-06-06T16:37:54 ICT">
    <groups>
    </groups>
    <test name="Default test" duration-ms="5087" started-at="2020-06-06T16:37:49 ICT" finished-at="2020-06-06T16:37:54 ICT">
      <class name="test.postRestAssured">
        <test-method status="PASS" signature="test_()[pri:0, instance:test.postRestAssured@2f943d71]" name="test_" duration-ms="1972" started-at="2020-06-06T16:37:49 ICT" finished-at="2020-06-06T16:37:51 ICT">
          <reporter-output>
          </reporter-output>
        </test-method> <!-- test_ -->
        <test-method status="PASS" signature="test_01()[pri:0, instance:test.postRestAssured@2f943d71]" name="test_01" duration-ms="2" started-at="2020-06-06T16:37:51 ICT" finished-at="2020-06-06T16:37:51 ICT">
          <reporter-output>
          </reporter-output>
        </test-method> <!-- test_01 -->
        <test-method status="PASS" signature="test_02_post()[pri:0, instance:test.postRestAssured@2f943d71]" name="test_02_post" duration-ms="752" started-at="2020-06-06T16:37:51 ICT" finished-at="2020-06-06T16:37:52 ICT">
          <reporter-output>
          </reporter-output>
        </test-method> <!-- test_02_post -->
        <test-method status="PASS" signature="test_03_put()[pri:0, instance:test.postRestAssured@2f943d71]" name="test_03_put" duration-ms="735" started-at="2020-06-06T16:37:52 ICT" finished-at="2020-06-06T16:37:53 ICT">
          <reporter-output>
          </reporter-output>
        </test-method> <!-- test_03_put -->
        <test-method status="PASS" signature="test_04_patch()[pri:0, instance:test.postRestAssured@2f943d71]" name="test_04_patch" duration-ms="795" started-at="2020-06-06T16:37:53 ICT" finished-at="2020-06-06T16:37:53 ICT">
          <reporter-output>
          </reporter-output>
        </test-method> <!-- test_04_patch -->
        <test-method status="PASS" signature="test_05_delete()[pri:0, instance:test.postRestAssured@2f943d71]" name="test_05_delete" duration-ms="715" started-at="2020-06-06T16:37:53 ICT" finished-at="2020-06-06T16:37:54 ICT">
          <reporter-output>
          </reporter-output>
        </test-method> <!-- test_05_delete -->
        <test-method status="PASS" signature="test_06_post_localhost()[pri:0, instance:test.postRestAssured@2f943d71]" name="test_06_post_localhost" duration-ms="19" started-at="2020-06-06T16:37:54 ICT" finished-at="2020-06-06T16:37:54 ICT">
          <reporter-output>
          </reporter-output>
        </test-method> <!-- test_06_post_localhost -->
        <test-method status="PASS" signature="test_07_patch_localhost()[pri:0, instance:test.postRestAssured@2f943d71]" name="test_07_patch_localhost" duration-ms="14" started-at="2020-06-06T16:37:54 ICT" finished-at="2020-06-06T16:37:54 ICT">
          <reporter-output>
          </reporter-output>
        </test-method> <!-- test_07_patch_localhost -->
        <test-method status="PASS" signature="test_08_put_localhost()[pri:0, instance:test.postRestAssured@2f943d71]" name="test_08_put_localhost" duration-ms="18" started-at="2020-06-06T16:37:54 ICT" finished-at="2020-06-06T16:37:54 ICT">
          <reporter-output>
          </reporter-output>
        </test-method> <!-- test_08_put_localhost -->
        <test-method status="PASS" signature="test_09_delete_localhost()[pri:0, instance:test.postRestAssured@2f943d71]" name="test_09_delete_localhost" duration-ms="13" started-at="2020-06-06T16:37:54 ICT" finished-at="2020-06-06T16:37:54 ICT">
          <reporter-output>
          </reporter-output>
        </test-method> <!-- test_09_delete_localhost -->
      </class> <!-- test.postRestAssured -->
    </test> <!-- Default test -->
  </suite> <!-- Default suite -->
</testng-results>
